2019-06-20 09:02:17.618  WARN 10464 --- [org.springframework.kafka.KafkaListenerEndpointContainer#0-0-C-1] org.apache.kafka.clients.NetworkClient   : [Consumer clientId=consumer-7, groupId=passbook] Connection to node 1 could not be established. Broker may not be available.
2019-06-20 09:02:17.672  WARN 10464 --- [org.springframework.kafka.KafkaListenerEndpointContainer#0-1-C-1] org.apache.kafka.clients.NetworkClient   : [Consumer clientId=consumer-8, groupId=passbook] Connection to node 3 could not be established. Broker may not be available.
2019-06-20 09:02:17.670  WARN 10464 --- [org.springframework.kafka.KafkaListenerEndpointContainer#0-3-C-1] org.apache.kafka.clients.NetworkClient   : [Consumer clientId=consumer-10, groupId=passbook] Connection to node 3 could not be established. Broker may not be available.
2019-06-20 09:02:17.740  WARN 10464 --- [org.springframework.kafka.KafkaListenerEndpointContainer#0-0-C-1] org.apache.kafka.clients.NetworkClient   : [Consumer clientId=consumer-7, groupId=passbook] Connection to node 2 could not be established. Broker may not be available.
2019-06-20 09:02:17.742  WARN 10464 --- [org.springframework.kafka.KafkaListenerEndpointContainer#0-1-C-1] org.apache.kafka.clients.NetworkClient   : [Consumer clientId=consumer-8, groupId=passbook] Connection to node 1 could not be established. Broker may not be available.
2019-06-20 09:02:18.162  WARN 10464 --- [org.springframework.kafka.KafkaListenerEndpointContainer#0-3-C-1] org.apache.kafka.clients.NetworkClient   : [Consumer clientId=consumer-10, groupId=passbook] Connection to node 2 could not be established. Broker may not be available.
2019-06-20 09:02:18.163  WARN 10464 --- [org.springframework.kafka.KafkaListenerEndpointContainer#0-3-C-1] org.apache.kafka.clients.NetworkClient   : [Consumer clientId=consumer-10, groupId=passbook] Connection to node 1 could not be established. Broker may not be available.
2019-06-20 09:02:18.164  WARN 10464 --- [org.springframework.kafka.KafkaListenerEndpointContainer#0-3-C-1] org.apache.kafka.clients.NetworkClient   : [Consumer clientId=consumer-10, groupId=passbook] Connection to node 3 could not be established. Broker may not be available.
2019-06-20 09:02:17.677  WARN 10464 --- [org.springframework.kafka.KafkaListenerEndpointContainer#0-2-C-1] org.apache.kafka.clients.NetworkClient   : [Consumer clientId=consumer-9, groupId=passbook] Connection to node 2 could not be established. Broker may not be available.
2019-06-20 09:02:18.162  WARN 10464 --- [org.springframework.kafka.KafkaListenerEndpointContainer#0-0-C-1] org.apache.kafka.clients.NetworkClient   : [Consumer clientId=consumer-7, groupId=passbook] Connection to node 1 could not be established. Broker may not be available.
2019-06-20 09:02:18.165  WARN 10464 --- [org.springframework.kafka.KafkaListenerEndpointContainer#0-0-C-1] org.apache.kafka.clients.NetworkClient   : [Consumer clientId=consumer-7, groupId=passbook] Connection to node 3 could not be established. Broker may not be available.
2019-06-20 09:02:18.165  WARN 10464 --- [org.springframework.kafka.KafkaListenerEndpointContainer#0-2-C-1] org.apache.kafka.clients.NetworkClient   : [Consumer clientId=consumer-9, groupId=passbook] Connection to node 1 could not be established. Broker may not be available.
2019-06-20 09:02:18.166  WARN 10464 --- [org.springframework.kafka.KafkaListenerEndpointContainer#0-2-C-1] org.apache.kafka.clients.NetworkClient   : [Consumer clientId=consumer-9, groupId=passbook] Connection to node 2 could not be established. Broker may not be available.
2019-06-20 09:02:18.167  WARN 10464 --- [org.springframework.kafka.KafkaListenerEndpointContainer#0-2-C-1] org.apache.kafka.clients.NetworkClient   : [Consumer clientId=consumer-9, groupId=passbook] Connection to node 3 could not be established. Broker may not be available.
2019-06-20 09:02:18.176  WARN 10464 --- [org.springframework.kafka.KafkaListenerEndpointContainer#0-1-C-1] org.apache.kafka.clients.NetworkClient   : [Consumer clientId=consumer-8, groupId=passbook] Connection to node 1 could not be established. Broker may not be available.
2019-06-20 09:02:18.176  WARN 10464 --- [org.springframework.kafka.KafkaListenerEndpointContainer#0-1-C-1] org.apache.kafka.clients.NetworkClient   : [Consumer clientId=consumer-8, groupId=passbook] Connection to node 2 could not be established. Broker may not be available.
2019-06-20 09:02:18.177  WARN 10464 --- [org.springframework.kafka.KafkaListenerEndpointContainer#0-0-C-1] org.apache.kafka.clients.NetworkClient   : [Consumer clientId=consumer-7, groupId=passbook] Connection to node 2 could not be established. Broker may not be available.
2019-06-20 09:02:18.177  WARN 10464 --- [org.springframework.kafka.KafkaListenerEndpointContainer#0-1-C-1] org.apache.kafka.clients.NetworkClient   : [Consumer clientId=consumer-8, groupId=passbook] Connection to node 3 could not be established. Broker may not be available.
2019-06-20 09:02:18.315  WARN 10464 --- [org.springframework.kafka.KafkaListenerEndpointContainer#0-3-C-1] org.apache.kafka.clients.NetworkClient   : [Consumer clientId=consumer-10, groupId=passbook] Connection to node 2 could not be established. Broker may not be available.
2019-06-20 09:02:18.369  WARN 10464 --- [org.springframework.kafka.KafkaListenerEndpointContainer#0-2-C-1] org.apache.kafka.clients.NetworkClient   : [Consumer clientId=consumer-9, groupId=passbook] Connection to node 1 could not be established. Broker may not be available.
2019-06-20 09:02:18.369  WARN 10464 --- [org.springframework.kafka.KafkaListenerEndpointContainer#0-2-C-1] org.apache.kafka.clients.NetworkClient   : [Consumer clientId=consumer-9, groupId=passbook] Connection to node 2 could not be established. Broker may not be available.
2019-06-20 09:02:18.379  WARN 10464 --- [org.springframework.kafka.KafkaListenerEndpointContainer#0-0-C-1] org.apache.kafka.clients.NetworkClient   : [Consumer clientId=consumer-7, groupId=passbook] Connection to node 2 could not be established. Broker may not be available.
2019-06-20 09:02:18.379  WARN 10464 --- [org.springframework.kafka.KafkaListenerEndpointContainer#0-2-C-1] org.apache.kafka.clients.NetworkClient   : [Consumer clientId=consumer-9, groupId=passbook] Connection to node 3 could not be established. Broker may not be available.
2019-06-20 09:02:18.379  WARN 10464 --- [org.springframework.kafka.KafkaListenerEndpointContainer#0-1-C-1] org.apache.kafka.clients.NetworkClient   : [Consumer clientId=consumer-8, groupId=passbook] Connection to node 3 could not be established. Broker may not be available.
2019-06-20 09:02:18.415  WARN 10464 --- [org.springframework.kafka.KafkaListenerEndpointContainer#0-3-C-1] org.apache.kafka.clients.NetworkClient   : [Consumer clientId=consumer-10, groupId=passbook] Connection to node 1 could not be established. Broker may not be available.
2019-06-20 09:02:18.430  WARN 10464 --- [org.springframework.kafka.KafkaListenerEndpointContainer#0-0-C-1] org.apache.kafka.clients.NetworkClient   : [Consumer clientId=consumer-7, groupId=passbook] Connection to node 3 could not be established. Broker may not be available.
2019-06-20 09:02:18.430  WARN 10464 --- [org.springframework.kafka.KafkaListenerEndpointContainer#0-1-C-1] org.apache.kafka.clients.NetworkClient   : [Consumer clientId=consumer-8, groupId=passbook] Connection to node 2 could not be established. Broker may not be available.
2019-06-20 09:02:18.516  WARN 10464 --- [org.springframework.kafka.KafkaListenerEndpointContainer#0-3-C-1] org.apache.kafka.clients.NetworkClient   : [Consumer clientId=consumer-10, groupId=passbook] Connection to node 2 could not be established. Broker may not be available.
2019-06-20 09:02:18.582  WARN 10464 --- [org.springframework.kafka.KafkaListenerEndpointContainer#0-0-C-1] org.apache.kafka.clients.NetworkClient   : [Consumer clientId=consumer-7, groupId=passbook] Connection to node 1 could not be established. Broker may not be available.
2019-06-20 09:02:18.618  WARN 10464 --- [org.springframework.kafka.KafkaListenerEndpointContainer#0-3-C-1] org.apache.kafka.clients.NetworkClient   : [Consumer clientId=consumer-10, groupId=passbook] Connection to node 3 could not be established. Broker may not be available.
2019-06-20 09:02:18.684  WARN 10464 --- [org.springframework.kafka.KafkaListenerEndpointContainer#0-1-C-1] org.apache.kafka.clients.NetworkClient   : [Consumer clientId=consumer-8, groupId=passbook] Connection to node 1 could not be established. Broker may not be available.
2019-06-20 09:02:18.735  WARN 10464 --- [org.springframework.kafka.KafkaListenerEndpointContainer#0-1-C-1] org.apache.kafka.clients.NetworkClient   : [Consumer clientId=consumer-8, groupId=passbook] Connection to node 3 could not be established. Broker may not be available.
2019-06-20 09:02:18.735  WARN 10464 --- [org.springframework.kafka.KafkaListenerEndpointContainer#0-0-C-1] org.apache.kafka.clients.NetworkClient   : [Consumer clientId=consumer-7, groupId=passbook] Connection to node 2 could not be established. Broker may not be available.
2019-06-20 09:02:18.786  WARN 10464 --- [org.springframework.kafka.KafkaListenerEndpointContainer#0-1-C-1] org.apache.kafka.clients.NetworkClient   : [Consumer clientId=consumer-8, groupId=passbook] Connection to node 2 could not be established. Broker may not be available.
2019-06-20 09:02:18.786  WARN 10464 --- [org.springframework.kafka.KafkaListenerEndpointContainer#0-2-C-1] org.apache.kafka.clients.NetworkClient   : [Consumer clientId=consumer-9, groupId=passbook] Connection to node 3 could not be established. Broker may not be available.
2019-06-20 09:02:18.786  WARN 10464 --- [org.springframework.kafka.KafkaListenerEndpointContainer#0-2-C-1] org.apache.kafka.clients.NetworkClient   : [Consumer clientId=consumer-9, groupId=passbook] Connection to node 1 could not be established. Broker may not be available.
2019-06-20 09:02:18.837  WARN 10464 --- [org.springframework.kafka.KafkaListenerEndpointContainer#0-2-C-1] org.apache.kafka.clients.NetworkClient   : [Consumer clientId=consumer-9, groupId=passbook] Connection to node 2 could not be established. Broker may not be available.
2019-06-20 09:02:18.872  WARN 10464 --- [org.springframework.kafka.KafkaListenerEndpointContainer#0-3-C-1] org.apache.kafka.clients.NetworkClient   : [Consumer clientId=consumer-10, groupId=passbook] Connection to node 1 could not be established. Broker may not be available.
2019-06-20 09:02:18.937  WARN 10464 --- [org.springframework.kafka.KafkaListenerEndpointContainer#0-0-C-1] org.apache.kafka.clients.NetworkClient   : [Consumer clientId=consumer-7, groupId=passbook] Connection to node 3 could not be established. Broker may not be available.
2019-06-20 09:02:18.973  WARN 10464 --- [org.springframework.kafka.KafkaListenerEndpointContainer#0-3-C-1] org.apache.kafka.clients.NetworkClient   : [Consumer clientId=consumer-10, groupId=passbook] Connection to node 2 could not be established. Broker may not be available.
2019-06-20 09:02:19.292  WARN 10464 --- [org.springframework.kafka.KafkaListenerEndpointContainer#0-0-C-1] org.apache.kafka.clients.NetworkClient   : [Consumer clientId=consumer-7, groupId=passbook] Connection to node 1 could not be established. Broker may not be available.
2019-06-20 09:02:19.379  WARN 10464 --- [org.springframework.kafka.KafkaListenerEndpointContainer#0-3-C-1] org.apache.kafka.clients.NetworkClient   : [Consumer clientId=consumer-10, groupId=passbook] Connection to node 3 could not be established. Broker may not be available.
2019-06-20 09:02:19.394  WARN 10464 --- [org.springframework.kafka.KafkaListenerEndpointContainer#0-0-C-1] org.apache.kafka.clients.NetworkClient   : [Consumer clientId=consumer-7, groupId=passbook] Connection to node 2 could not be established. Broker may not be available.
2019-06-20 09:02:19.547  WARN 10464 --- [org.springframework.kafka.KafkaListenerEndpointContainer#0-2-C-1] org.apache.kafka.clients.NetworkClient   : [Consumer clientId=consumer-9, groupId=passbook] Connection to node 1 could not be established. Broker may not be available.
2019-06-20 09:02:19.597  WARN 10464 --- [org.springframework.kafka.KafkaListenerEndpointContainer#0-1-C-1] org.apache.kafka.clients.NetworkClient   : [Consumer clientId=consumer-8, groupId=passbook] Connection to node 2 could not be established. Broker may not be available.
2019-06-20 09:02:19.598  WARN 10464 --- [org.springframework.kafka.KafkaListenerEndpointContainer#0-2-C-1] org.apache.kafka.clients.NetworkClient   : [Consumer clientId=consumer-9, groupId=passbook] Connection to node 3 could not be established. Broker may not be available.
2019-06-20 09:02:19.598  WARN 10464 --- [org.springframework.kafka.KafkaListenerEndpointContainer#0-1-C-1] org.apache.kafka.clients.NetworkClient   : [Consumer clientId=consumer-8, groupId=passbook] Connection to node 3 could not be established. Broker may not be available.
2019-06-20 09:02:19.649  WARN 10464 --- [org.springframework.kafka.KafkaListenerEndpointContainer#0-1-C-1] org.apache.kafka.clients.NetworkClient   : [Consumer clientId=consumer-8, groupId=passbook] Connection to node 1 could not be established. Broker may not be available.
2019-06-20 09:02:19.684  WARN 10464 --- [org.springframework.kafka.KafkaListenerEndpointContainer#0-3-C-1] org.apache.kafka.clients.NetworkClient   : [Consumer clientId=consumer-10, groupId=passbook] Connection to node 2 could not be established. Broker may not be available.
2019-06-20 09:02:19.750  WARN 10464 --- [org.springframework.kafka.KafkaListenerEndpointContainer#0-0-C-1] org.apache.kafka.clients.NetworkClient   : [Consumer clientId=consumer-7, groupId=passbook] Connection to node 3 could not be established. Broker may not be available.
2019-06-20 09:02:19.751  WARN 10464 --- [org.springframework.kafka.KafkaListenerEndpointContainer#0-2-C-1] org.apache.kafka.clients.NetworkClient   : [Consumer clientId=consumer-9, groupId=passbook] Connection to node 2 could not be established. Broker may not be available.
2019-06-20 09:02:19.837  WARN 10464 --- [org.springframework.kafka.KafkaListenerEndpointContainer#0-3-C-1] org.apache.kafka.clients.NetworkClient   : [Consumer clientId=consumer-10, groupId=passbook] Connection to node 1 could not be established. Broker may not be available.
2019-06-20 09:02:20.309  WARN 10464 --- [org.springframework.kafka.KafkaListenerEndpointContainer#0-0-C-1] org.apache.kafka.clients.NetworkClient   : [Consumer clientId=consumer-7, groupId=passbook] Connection to node 1 could not be established. Broker may not be available.
2019-06-20 09:02:20.411  WARN 10464 --- [org.springframework.kafka.KafkaListenerEndpointContainer#0-0-C-1] org.apache.kafka.clients.NetworkClient   : [Consumer clientId=consumer-7, groupId=passbook] Connection to node 2 could not be established. Broker may not be available.
2019-06-20 09:02:20.514  WARN 10464 --- [org.springframework.kafka.KafkaListenerEndpointContainer#0-1-C-1] org.apache.kafka.clients.NetworkClient   : [Consumer clientId=consumer-8, groupId=passbook] Connection to node 1 could not be established. Broker may not be available.
2019-06-20 09:02:20.514  WARN 10464 --- [org.springframework.kafka.KafkaListenerEndpointContainer#0-1-C-1] org.apache.kafka.clients.NetworkClient   : [Consumer clientId=consumer-8, groupId=passbook] Connection to node 3 could not be established. Broker may not be available.
2019-06-20 09:02:20.549  WARN 10464 --- [org.springframework.kafka.KafkaListenerEndpointContainer#0-3-C-1] org.apache.kafka.clients.NetworkClient   : [Consumer clientId=consumer-10, groupId=passbook] Connection to node 2 could not be established. Broker may not be available.
2019-06-20 09:02:20.549  WARN 10464 --- [org.springframework.kafka.KafkaListenerEndpointContainer#0-3-C-1] org.apache.kafka.clients.NetworkClient   : [Consumer clientId=consumer-10, groupId=passbook] Connection to node 3 could not be established. Broker may not be available.
2019-06-20 09:02:20.566  WARN 10464 --- [org.springframework.kafka.KafkaListenerEndpointContainer#0-1-C-1] org.apache.kafka.clients.NetworkClient   : [Consumer clientId=consumer-8, groupId=passbook] Connection to node 2 could not be established. Broker may not be available.
2019-06-20 09:02:20.615  WARN 10464 --- [org.springframework.kafka.KafkaListenerEndpointContainer#0-2-C-1] org.apache.kafka.clients.NetworkClient   : [Consumer clientId=consumer-9, groupId=passbook] Connection to node 2 could not be established. Broker may not be available.
2019-06-20 09:02:30.526 ERROR 10464 --- [org.springframework.kafka.KafkaListenerEndpointContainer#0-3-C-1] o.a.k.c.c.internals.ConsumerCoordinator  : [Consumer clientId=consumer-10, groupId=passbook] Offset commit failed on partition merchants-template-0 at offset 42: The coordinator is not aware of this member.
2019-06-20 09:02:30.557  WARN 10464 --- [org.springframework.kafka.KafkaListenerEndpointContainer#0-3-C-1] o.a.k.c.c.internals.ConsumerCoordinator  : [Consumer clientId=consumer-10, groupId=passbook] Asynchronous auto-commit of offsets {merchants-template-0=OffsetAndMetadata{offset=42, metadata=''}} failed: Commit cannot be completed since the group has already rebalanced and assigned the partitions to another member. This means that the time between subsequent calls to poll() was longer than the configured max.poll.interval.ms, which typically implies that the poll loop is spending too much time message processing. You can address this either by increasing the session timeout or by reducing the maximum size of batches returned in poll() with max.poll.records.
2019-06-20 09:02:30.559  WARN 10464 --- [org.springframework.kafka.KafkaListenerEndpointContainer#0-3-C-1] o.a.k.c.c.internals.ConsumerCoordinator  : [Consumer clientId=consumer-10, groupId=passbook] Synchronous auto-commit of offsets {merchants-template-0=OffsetAndMetadata{offset=42, metadata=''}} failed: Commit cannot be completed since the group has already rebalanced and assigned the partitions to another member. This means that the time between subsequent calls to poll() was longer than the configured max.poll.interval.ms, which typically implies that the poll loop is spending too much time message processing. You can address this either by increasing the session timeout or by reducing the maximum size of batches returned in poll() with max.poll.records.
2019-06-20 09:02:33.631  WARN 10464 --- [HikariPool-3 housekeeper] com.zaxxer.hikari.pool.HikariPool        : HikariPool-3 - Thread starvation or clock leap detected (housekeeper delta=12h31m41s628ms511µs321ns).
